[0208/114637.476718:WARNING:resource_bundle.cc(368)] locale_file_path.empty() for locale 
[0208/114637.493488:WARNING:resource_bundle.cc(368)] locale_file_path.empty() for locale 
[0208/114637.503901:ERROR:gpu_process_transport_factory.cc(1019)] Lost UI shared context.
[0208/114637.537457:WARNING:histograms.cc(40)] Started multiple compositor clients (Browser, Renderer) in one process. Some metrics will be disabled.
[0208/114637.535899:FATAL:platform_font_linux.cc(83)] Check failed: InitDefaultFont(). Could not find the default font
#0 0x0000035d34fc <unknown>
#1 0x0000035e99fc <unknown>
#2 0x00000409b208 <unknown>
#3 0x00000409c10b <unknown>
#4 0x00000409708e <unknown>
#5 0x0000033b7e01 <unknown>
#6 0x00000349fa19 <unknown>
#7 0x00000326215c <unknown>
#8 0x000003261bc3 <unknown>
#9 0x000003261832 <unknown>
#10 0x00000322790f <unknown>
#11 0x000003241b23 <unknown>
#12 0x000003241412 <unknown>
#13 0x000003241c64 <unknown>
#14 0x000003230c37 <unknown>
#15 0x00000322c9b6 <unknown>
#16 0x00000322d852 <unknown>
#17 0x000003599bbe <unknown>
#18 0x00000359ea39 <unknown>
#19 0x000003594517 <unknown>
#20 0x0000031581aa <unknown>
#21 0x0000025743ab <unknown>
#22 0x00000362b777 <unknown>
#23 0x0000035d506f <unknown>
#24 0x0000035ecab7 <unknown>
#25 0x0000035ecfc8 <unknown>
#26 0x0000035ef859 <unknown>
#27 0x000003608b25 <unknown>
#28 0x00000313edc1 <unknown>
#29 0x00000313ebc3 <unknown>
#30 0x000003141702 <unknown>
#31 0x0000035a210f <unknown>
#32 0x000003583d50 <unknown>
#33 0x000003584466 <unknown>
#34 0x00000475d45f <unknown>
#35 0x00000357dd91 <unknown>
#36 0x0000035a1239 <unknown>
#37 0x0000035a12ae <unknown>
#38 0x000003598280 <unknown>
#39 0x7f883a471b25 __libc_start_main
#40 0x0000022a502a <unknown>

